c:\users\basar\desktop\tema2\build\gfxframework.dir\debug\vc143.pdb
c:\users\basar\desktop\tema2\build\gfxframework.dir\debug\main.obj
c:\users\basar\desktop\tema2\build\gfxframework.dir\debug\terrain.obj
c:\users\basar\desktop\tema2\build\gfxframework.dir\debug\math.obj
c:\users\basar\desktop\tema2\build\gfxframework.dir\debug\maintema2.obj
c:\users\basar\desktop\tema2\build\gfxframework.dir\debug\camera.obj
c:\users\basar\desktop\tema2\build\gfxframework.dir\debug\world.obj
c:\users\basar\desktop\tema2\build\gfxframework.dir\debug\window_object.obj
c:\users\basar\desktop\tema2\build\gfxframework.dir\debug\window_callbacks.obj
c:\users\basar\desktop\tema2\build\gfxframework.dir\debug\input_controller.obj
c:\users\basar\desktop\tema2\build\gfxframework.dir\debug\texture_manager.obj
c:\users\basar\desktop\tema2\build\gfxframework.dir\debug\texture2d.obj
c:\users\basar\desktop\tema2\build\gfxframework.dir\debug\shader.obj
c:\users\basar\desktop\tema2\build\gfxframework.dir\debug\mesh.obj
c:\users\basar\desktop\tema2\build\gfxframework.dir\debug\gpu_buffers.obj
c:\users\basar\desktop\tema2\build\gfxframework.dir\debug\frame_buffer.obj
c:\users\basar\desktop\tema2\build\gfxframework.dir\debug\engine.obj
c:\users\basar\desktop\tema2\build\gfxframework.dir\debug\text_renderer.obj
c:\users\basar\desktop\tema2\build\gfxframework.dir\debug\simple_scene.obj
c:\users\basar\desktop\tema2\build\gfxframework.dir\debug\scene_input.obj
c:\users\basar\desktop\tema2\build\gfxframework.dir\debug\camera_input.obj
c:\users\basar\desktop\tema2\build\gfxframework.dir\debug\text_utils.obj
c:\users\basar\desktop\tema2\build\gfxframework.dir\debug\gl_utils.obj
c:\users\basar\desktop\tema2\build\cmakefiles\generate.stamp
c:\users\basar\desktop\tema2\build\bin\debug\gfxframework.exe
c:\users\basar\desktop\tema2\build\bin\debug\gfxframework.pdb
c:\users\basar\desktop\tema2\build\debug\gfxframework.lib
c:\users\basar\desktop\tema2\build\debug\gfxframework.exp
c:\users\basar\desktop\tema2\build\gfxframework.dir\debug\gfxframework.ilk
c:\users\basar\desktop\tema2\build\gfxframework.dir\debug\gfxframework.tlog\cl.command.1.tlog
c:\users\basar\desktop\tema2\build\gfxframework.dir\debug\gfxframework.tlog\cl.items.tlog
c:\users\basar\desktop\tema2\build\gfxframework.dir\debug\gfxframework.tlog\cl.read.1.tlog
c:\users\basar\desktop\tema2\build\gfxframework.dir\debug\gfxframework.tlog\cl.write.1.tlog
c:\users\basar\desktop\tema2\build\gfxframework.dir\debug\gfxframework.tlog\custombuild.command.1.tlog
c:\users\basar\desktop\tema2\build\gfxframework.dir\debug\gfxframework.tlog\custombuild.read.1.tlog
c:\users\basar\desktop\tema2\build\gfxframework.dir\debug\gfxframework.tlog\custombuild.write.1.tlog
c:\users\basar\desktop\tema2\build\gfxframework.dir\debug\gfxframework.tlog\link.command.1.tlog
c:\users\basar\desktop\tema2\build\gfxframework.dir\debug\gfxframework.tlog\link.read.1.tlog
c:\users\basar\desktop\tema2\build\gfxframework.dir\debug\gfxframework.tlog\link.secondary.1.tlog
c:\users\basar\desktop\tema2\build\gfxframework.dir\debug\gfxframework.tlog\link.write.1.tlog
